<?xml version="1.0" encoding="UTF-8"?>
<!-- Generated by org.testng.reporters.JUnitReportReporter -->
<testsuite skipped="0" hostname="AnkitaSingh-PC" name="UspsTest.UspsTestClass" tests="1" failures="0" timestamp="28 May 2017 16:16:11 GMT" time="59.560" errors="0">
  <testcase name="callHome" time="59.560" classname="UspsTest.UspsTestClass"/>
</testsuite> <!-- UspsTest.UspsTestClass -->
